
 ⛅️ wrangler 4.100.0
────────────────────
✨ Compiled Worker successfully
Your Worker has access to the following bindings:
Binding                                                                   Resource                  Mode
env.SNIPPETS (REPLACE_WITH_KV_PREVIEW_ID)                                 KV Namespace              local
env.CF_PAGES ("1")                                                        Environment Variable      local
env.CF_PAGES_BRANCH ("main")                                              Environment Variable      local
env.CF_PAGES_COMMIT_SHA ("03ea3fd80b94f1cca78e6901c32bbc788a16c...")      Environment Variable      local
env.CF_PAGES_URL ("https://03ea3fd.shitaisays.pages.dev")                 Environment Variable      local

⎔ Starting local server...
[wrangler:info] Ready on http://localhost:8788
[wrangler:info] GET / 200 OK (10ms)
[wrangler:info] GET /style.css 200 OK (9ms)
[wrangler:info] GET /app.js 200 OK (8ms)
[wrangler:info] GET /store.js 200 OK (4ms)
[wrangler:info] GET /favicon.ico 200 OK (4ms)
[wrangler:info] POST /api/snippets 201 Created (10ms)
[wrangler:info] GET /api/snippets 200 OK (2ms)
[wrangler:info] GET / 200 OK (2ms)
[wrangler:info] GET / 304 Not Modified (4ms)
[wrangler:info] GET /style.css 304 Not Modified (4ms)
[wrangler:info] GET /app.js 304 Not Modified (4ms)
[wrangler:info] GET /store.js 304 Not Modified (3ms)
[wrangler:info] GET /favicon.ico 304 Not Modified (2ms)
[wrangler:info] GET /favicon.ico 304 Not Modified (4ms)
[wrangler:info] GET / 304 Not Modified (6ms)
[wrangler:info] GET /style.css 200 OK (5ms)
[wrangler:info] GET /app.js 304 Not Modified (7ms)
[wrangler:info] GET /store.js 304 Not Modified (3ms)
[wrangler:info] GET /favicon.ico 304 Not Modified (4ms)
[wrangler:info] GET / 200 OK (5ms)
[wrangler:info] GET /style.css 200 OK (5ms)
[wrangler:info] GET /app.js 200 OK (7ms)
[wrangler:info] GET /store.js 200 OK (3ms)
[wrangler:info] GET /favicon.ico 200 OK (2ms)
[wrangler:info] GET /style.css 304 Not Modified (9ms)
[wrangler:info] GET /.well-known/appspecific/com.chrome.devtools.json 200 OK (3ms)
[wrangler:info] GET / 200 OK (6ms)
[wrangler:info] GET /style.css 304 Not Modified (4ms)
[wrangler:info] GET /store.js 200 OK (5ms)
[wrangler:info] GET /.well-known/appspecific/com.chrome.devtools.json 200 OK (2ms)
[wrangler:info] GET /app.js 200 OK (3ms)
[wrangler:info] GET /api/snippets 200 OK (5ms)
[wrangler:info] GET /favicon.ico 200 OK (4ms)
[wrangler:info] GET / 304 Not Modified (4ms)
[wrangler:info] GET /.well-known/appspecific/com.chrome.devtools.json 304 Not Modified (4ms)
[wrangler:info] GET /store.js 304 Not Modified (3ms)
[wrangler:info] GET /style.css 304 Not Modified (4ms)
[wrangler:info] GET /app.js 304 Not Modified (3ms)
[wrangler:info] GET /api/snippets 200 OK (4ms)
[wrangler:info] GET /favicon.ico 304 Not Modified (4ms)
[wrangler:info] GET / 304 Not Modified (3ms)
[wrangler:info] GET /.well-known/appspecific/com.chrome.devtools.json 304 Not Modified (6ms)
[wrangler:info] GET /style.css 304 Not Modified (6ms)
[wrangler:info] GET /store.js 304 Not Modified (8ms)
[wrangler:info] GET /app.js 304 Not Modified (2ms)
[wrangler:info] GET /api/snippets 200 OK (1ms)
[wrangler:info] GET /favicon.ico 304 Not Modified (2ms)
[wrangler:info] GET /store.js 200 OK (3ms)
[wrangler:info] GET / 304 Not Modified (2ms)
[wrangler:info] GET /.well-known/appspecific/com.chrome.devtools.json 304 Not Modified (6ms)
[wrangler:info] GET /style.css 304 Not Modified (7ms)
[wrangler:info] GET /store.js 304 Not Modified (7ms)
[wrangler:info] GET /app.js 304 Not Modified (2ms)
[wrangler:info] GET /api/snippets 200 OK (1ms)
[wrangler:info] GET /favicon.ico 304 Not Modified (4ms)
[wrangler:info] GET / 304 Not Modified (4ms)
[wrangler:info] GET /.well-known/appspecific/com.chrome.devtools.json 304 Not Modified (3ms)
[wrangler:info] GET /style.css 304 Not Modified (2ms)
[wrangler:info] GET /store.js 304 Not Modified (3ms)
[wrangler:info] GET /app.js 304 Not Modified (3ms)
[wrangler:info] GET /api/snippets 200 OK (3ms)
[wrangler:info] GET /favicon.ico 304 Not Modified (3ms)
[wrangler:info] GET / 304 Not Modified (3ms)
[wrangler:info] GET /.well-known/appspecific/com.chrome.devtools.json 304 Not Modified (4ms)
[wrangler:info] GET /style.css 304 Not Modified (3ms)
[wrangler:info] GET /store.js 304 Not Modified (4ms)
[wrangler:info] GET /app.js 304 Not Modified (3ms)
[wrangler:info] GET /api/snippets 200 OK (3ms)
[wrangler:info] GET /favicon.ico 304 Not Modified (3ms)
[wrangler:info] POST /api/snippets 201 Created (6ms)
